<?xml version="1.0" encoding="UTF-8" ?>
<testsuite failures="0" time="0.042" errors="2" skipped="1" tests="17" name="com.pioneer.RunTest">
  <properties>
[...]
</properties>
  <testcase time="0.003" classname="Scenario: create a new Creative" name="Given user has a valid session with following details"/>
  <testcase time="0" classname="Scenario: create a new Creative" name="Given user is on creative search page"/>
  <testcase time="0" classname="Scenario: create a new Creative" name="Then user gets an option to create a new creative"/>
  <testcase time="0" classname="Scenario: create a new Creative" name="When user clicks on new creative"/>
  <testcase time="0" classname="Scenario: create a new Creative" name="When user enters following data in the fields"/>
  <testcase time="0" classname="Scenario: create a new Creative" name="When user save the data"/>
  <testcase time="0" classname="Scenario: create a new Creative" name="Then user gets a success message"/>
  <testcase time="0" classname="Scenario: create a new Creative" name="Then user closes the browser"/>
  <testcase time="0.001" classname="Scenario: create a new Creative" name="Scenario: create a new Creative"/>
  <testcase time="0" classname="Scenario: create a new Creative - Mandatory fields Error message" name="Given user has a valid session with following details"/>
  <testcase time="0" classname="Scenario: create a new Creative - Mandatory fields Error message" name="Given user is on creative search page"/>
  <testcase time="0" classname="Scenario: create a new Creative - Mandatory fields Error message" name="Then user gets an option to create a new creative"/>
  <testcase time="0" classname="Scenario: create a new Creative - Mandatory fields Error message" name="When user clicks on new creative"/>
  <testcase time="0" classname="Scenario: create a new Creative - Mandatory fields Error message" name="When user save the data"/>
  <testcase time="0.012" classname="Scenario: create a new Creative - Mandatory fields Error message" name="Then user gets error messages for mandatory fields">
    <error type="java.lang.NullPointerException">java.lang.NullPointerException
	at com.pioneer.PioneerDemoSeleniumSteps.verifyErrorMessages(PioneerDemoSeleniumSteps.java:111)
	at com.pioneer.PioneerDemoSteps.userGetsErrorMessagesForMandatoryFields(PioneerDemoSteps.java:61)
	at ✽.Then user gets error messages for mandatory fields(com/pioneer/Poineer_demo.feature:35)
</error>
  </testcase>
  <testcase time="0.013" classname="Scenario: create a new Creative - Mandatory fields Error message" name="Scenario: create a new Creative - Mandatory fields Error message">
    <error type="java.lang.NullPointerException">java.lang.NullPointerException
	at com.pioneer.PioneerDemoSeleniumSteps.verifyErrorMessages(PioneerDemoSeleniumSteps.java:111)
	at com.pioneer.PioneerDemoSteps.userGetsErrorMessagesForMandatoryFields(PioneerDemoSteps.java:61)
	at ✽.Then user gets error messages for mandatory fields(com/pioneer/Poineer_demo.feature:35)
</error>
  </testcase>
  <testcase time="0.013" classname="Scenario: create a new Creative - Mandatory fields Error message" name="Then user closes the browser">
    <skipped/>
  </testcase>
</testsuite>